Using pre-set license
Built from '2022.3/staging' branch; Version is '2022.3.4f1 (35713cd46cd7) revision 3502396'; Using compiler version '192829333'; Build Type 'Release'
OS: 'Windows 11  (10.0.22621) 64bit Professional' Language: 'en' Physical Memory: 32627 MB
BatchMode: 1, IsHumanControllingUs: 0, StartBugReporterOnCrash: 0, Is64bit: 1, IsPro: 1

COMMAND LINE ARGUMENTS:
H:\Editors\2022.3.4f1\Editor\Unity.exe
-adb2
-batchMode
-noUpm
-name
AssetImportWorker0
-projectPath
H:/Projects/CardGame/UiCard-master/UiCard-master
-logFile
Logs/AssetImportWorker0.log
-srvPort
63416
Successfully changed project path to: H:/Projects/CardGame/UiCard-master/UiCard-master
H:/Projects/CardGame/UiCard-master/UiCard-master
[UnityMemory] Configuration Parameters - Can be set up in boot.config
    "memorysetup-bucket-allocator-granularity=16"
    "memorysetup-bucket-allocator-bucket-count=8"
    "memorysetup-bucket-allocator-block-size=33554432"
    "memorysetup-bucket-allocator-block-count=8"
    "memorysetup-main-allocator-block-size=16777216"
    "memorysetup-thread-allocator-block-size=16777216"
    "memorysetup-gfx-main-allocator-block-size=16777216"
    "memorysetup-gfx-thread-allocator-block-size=16777216"
    "memorysetup-cache-allocator-block-size=4194304"
    "memorysetup-typetree-allocator-block-size=2097152"
    "memorysetup-profiler-bucket-allocator-granularity=16"
    "memorysetup-profiler-bucket-allocator-bucket-count=8"
    "memorysetup-profiler-bucket-allocator-block-size=33554432"
    "memorysetup-profiler-bucket-allocator-block-count=8"
    "memorysetup-profiler-allocator-block-size=16777216"
    "memorysetup-profiler-editor-allocator-block-size=1048576"
    "memorysetup-temp-allocator-size-main=16777216"
    "memorysetup-job-temp-allocator-block-size=2097152"
    "memorysetup-job-temp-allocator-block-size-background=1048576"
    "memorysetup-job-temp-allocator-reduction-small-platforms=262144"
    "memorysetup-allocator-temp-initial-block-size-main=262144"
    "memorysetup-allocator-temp-initial-block-size-worker=262144"
    "memorysetup-temp-allocator-size-background-worker=32768"
    "memorysetup-temp-allocator-size-job-worker=262144"
    "memorysetup-temp-allocator-size-preload-manager=33554432"
    "memorysetup-temp-allocator-size-nav-mesh-worker=65536"
    "memorysetup-temp-allocator-size-audio-worker=65536"
    "memorysetup-temp-allocator-size-cloud-worker=32768"
    "memorysetup-temp-allocator-size-gi-baking-worker=262144"
    "memorysetup-temp-allocator-size-gfx=262144"
Player connection [2128] Host "[IP] 192.168.208.1 [Port] 0 [Flags] 2 [Guid] 3689208707 [EditorId] 3689208707 [Version] 1048832 [Id] WindowsEditor(7,Yee) [Debug] 1 [PackageName] WindowsEditor [ProjectName] Editor" joined multi-casting on [225.0.0.222:54997]...

Player connection [2128] Host "[IP] 192.168.208.1 [Port] 0 [Flags] 2 [Guid] 3689208707 [EditorId] 3689208707 [Version] 1048832 [Id] WindowsEditor(7,Yee) [Debug] 1 [PackageName] WindowsEditor [ProjectName] Editor" joined alternative multi-casting on [225.0.0.222:34997]...

Refreshing native plugins compatible for Editor in 1.93 ms, found 0 plugins.
Preloading 0 native plugins for Editor in 0.00 ms.
Initialize engine version: 2022.3.4f1 (35713cd46cd7)
[Subsystems] Discovering subsystems at path H:/Editors/2022.3.4f1/Editor/Data/Resources/UnitySubsystems
[Subsystems] Discovering subsystems at path H:/Projects/CardGame/UiCard-master/UiCard-master/Assets
GfxDevice: creating device client; threaded=0; jobified=0
Direct3D:
    Version:  Direct3D 11.0 [level 11.1]
    Renderer: NVIDIA GeForce RTX 3080 Ti (ID=0x2208)
    Vendor:   NVIDIA
    VRAM:     12100 MB
    Driver:   31.0.15.3713
Initialize mono
Mono path[0] = 'H:/Editors/2022.3.4f1/Editor/Data/Managed'
Mono path[1] = 'H:/Editors/2022.3.4f1/Editor/Data/MonoBleedingEdge/lib/mono/unityjit-win32'
Mono config path = 'H:/Editors/2022.3.4f1/Editor/Data/MonoBleedingEdge/etc'
Using monoOptions --debugger-agent=transport=dt_socket,embedding=1,server=y,suspend=n,address=127.0.0.1:56512
Begin MonoManager ReloadAssembly
Registering precompiled unity dll's ...
Register platform support module: H:/Editors/2022.3.4f1/Editor/Data/PlaybackEngines/WindowsStandaloneSupport/UnityEditor.WindowsStandalone.Extensions.dll
Registered in 0.001533 seconds.
- Loaded All Assemblies, in  0.199 seconds
Native extension for WindowsStandalone target not found
Mono: successfully reloaded assembly
- Finished resetting the current domain, in  0.169 seconds
Domain Reload Profiling: 368ms
	BeginReloadAssembly (51ms)
		ExecutionOrderSort (0ms)
		DisableScriptedObjects (0ms)
		BackupInstance (0ms)
		ReleaseScriptingObjects (0ms)
		CreateAndSetChildDomain (0ms)
	RebuildCommonClasses (21ms)
	RebuildNativeTypeToScriptingClass (7ms)
	initialDomainReloadingComplete (33ms)
	LoadAllAssembliesAndSetupDomain (87ms)
		LoadAssemblies (51ms)
		RebuildTransferFunctionScriptingTraits (0ms)
		AnalyzeDomain (85ms)
			TypeCache.Refresh (84ms)
				TypeCache.ScanAssembly (76ms)
			ScanForSourceGeneratedMonoScriptInfo (0ms)
			ResolveRequiredComponents (0ms)
	FinalizeReload (169ms)
		ReleaseScriptCaches (0ms)
		RebuildScriptCaches (0ms)
		SetupLoadedEditorAssemblies (131ms)
			LogAssemblyErrors (0ms)
			InitializePlatformSupportModulesInManaged (5ms)
			SetLoadedEditorAssemblies (6ms)
			RefreshPlugins (0ms)
			BeforeProcessingInitializeOnLoad (2ms)
			ProcessInitializeOnLoadAttributes (87ms)
			ProcessInitializeOnLoadMethodAttributes (31ms)
			AfterProcessingInitializeOnLoad (0ms)
			EditorAssembliesLoaded (0ms)
		ExecutionOrderSort2 (0ms)
		AwakeInstancesAfterBackupRestoration (0ms)
========================================================================
Worker process is ready to serve import requests
Begin MonoManager ReloadAssembly
Symbol file LoadedFromMemory is not a mono symbol file
- Loaded All Assemblies, in  0.341 seconds
Refreshing native plugins compatible for Editor in 0.77 ms, found 0 plugins.
Native extension for WindowsStandalone target not found
Mono: successfully reloaded assembly
- Finished resetting the current domain, in  0.263 seconds
Domain Reload Profiling: 605ms
	BeginReloadAssembly (79ms)
		ExecutionOrderSort (0ms)
		DisableScriptedObjects (3ms)
		BackupInstance (0ms)
		ReleaseScriptingObjects (0ms)
		CreateAndSetChildDomain (15ms)
	RebuildCommonClasses (23ms)
	RebuildNativeTypeToScriptingClass (7ms)
	initialDomainReloadingComplete (24ms)
	LoadAllAssembliesAndSetupDomain (209ms)
		LoadAssemblies (137ms)
		RebuildTransferFunctionScriptingTraits (0ms)
		AnalyzeDomain (109ms)
			TypeCache.Refresh (99ms)
				TypeCache.ScanAssembly (91ms)
			ScanForSourceGeneratedMonoScriptInfo (8ms)
			ResolveRequiredComponents (2ms)
	FinalizeReload (264ms)
		ReleaseScriptCaches (0ms)
		RebuildScriptCaches (0ms)
		SetupLoadedEditorAssemblies (167ms)
			LogAssemblyErrors (0ms)
			InitializePlatformSupportModulesInManaged (3ms)
			SetLoadedEditorAssemblies (3ms)
			RefreshPlugins (0ms)
			BeforeProcessingInitializeOnLoad (38ms)
			ProcessInitializeOnLoadAttributes (92ms)
			ProcessInitializeOnLoadMethodAttributes (28ms)
			AfterProcessingInitializeOnLoad (1ms)
			EditorAssembliesLoaded (0ms)
		ExecutionOrderSort2 (0ms)
		AwakeInstancesAfterBackupRestoration (6ms)
Launched and connected shader compiler UnityShaderCompiler.exe after 0.04 seconds
Refreshing native plugins compatible for Editor in 0.78 ms, found 0 plugins.
Preloading 0 native plugins for Editor in 0.00 ms.
Unloading 1460 Unused Serialized files (Serialized files now loaded: 0)
Unloading 28 unused Assets / (53.3 KB). Loaded Objects now: 1936.
Memory consumption went from 82.6 MB to 82.6 MB.
Total: 1.934600 ms (FindLiveObjects: 0.089800 ms CreateObjectMapping: 0.022400 ms MarkObjects: 1.753800 ms  DeleteObjects: 0.067600 ms)

AssetImportParameters requested are different than current active one (requested -> active):
  custom:video-encoder-webm-vp8: eb34c28f22e8b96e1ab97ce403110664 -> 
  custom:video-decoder-webm-vp8: 9c59270c3fd7afecdb556c50c9e8de78 -> 
  custom:audio-decoder-ogg-vorbis: bf7c407c2cedff20999df2af8eb42d56 -> 
  custom:container-demuxer-ogg: 62fdf1f143b41e24485cea50d1cbac27 -> 
  custom:AudioImporter_EditorPlatform: d09bf68614088b80899f8185d706f6e7 -> 
  custom:container-demuxer-webm: 4f35f7cbe854078d1ac9338744f61a02 -> 
  custom:video-decoder-ogg-theora: a1e56fd34408186e4bbccfd4996cb3dc -> 
  custom:audio-encoder-webm-vorbis: bf7c407c2cedff20999df2af8eb42d56 -> 
  custom:framework-win-MediaFoundation: 216162199b28c13a410421893ffa2e32 -> 
  custom:container-muxer-webm: aa71ff27fc2769a1b78a27578f13a17b -> 
========================================================================
Received Import Request.
  Time since last request: 36099.982351 seconds.
  path: Assets/Resources/CharacterTextures/Maid.jpg
  artifactKey: Guid(e1bf923f0c6274c4dbe74dde785cc063) Importer(815301076,1909f56bfc062723c751e8b465ee728b)
Start importing Assets/Resources/CharacterTextures/Maid.jpg using Guid(e1bf923f0c6274c4dbe74dde785cc063) Importer(815301076,1909f56bfc062723c751e8b465ee728b)  -> (artifact id: 'de5f41fc114b32cd6aee396e9a844842') in 0.064649 seconds
Number of updated asset objects reloaded before import = 0
Number of asset objects unloaded after import = 3
========================================================================
Received Prepare
Refreshing native plugins compatible for Editor in 1.01 ms, found 0 plugins.
Preloading 0 native plugins for Editor in 0.00 ms.
Unloading 0 Unused Serialized files (Serialized files now loaded: 0)
Unloading 1 unused Assets / (0.8 KB). Loaded Objects now: 1943.
Memory consumption went from 60.8 MB to 60.8 MB.
Total: 2.439000 ms (FindLiveObjects: 0.093900 ms CreateObjectMapping: 0.026600 ms MarkObjects: 2.303400 ms  DeleteObjects: 0.014500 ms)

Prepare: number of updated asset objects reloaded= 0
AssetImportParameters requested are different than current active one (requested -> active):
  custom:video-encoder-webm-vp8: eb34c28f22e8b96e1ab97ce403110664 -> 
  custom:video-decoder-webm-vp8: 9c59270c3fd7afecdb556c50c9e8de78 -> 
  custom:audio-decoder-ogg-vorbis: bf7c407c2cedff20999df2af8eb42d56 -> 
  custom:container-demuxer-ogg: 62fdf1f143b41e24485cea50d1cbac27 -> 
  custom:AudioImporter_EditorPlatform: d09bf68614088b80899f8185d706f6e7 -> 
  custom:CustomObjectIndexerAttribute: 756ad292c208cfabdd7b50bc23989ffe -> 
  custom:container-demuxer-webm: 4f35f7cbe854078d1ac9338744f61a02 -> 
  custom:video-decoder-ogg-theora: a1e56fd34408186e4bbccfd4996cb3dc -> 
  custom:audio-encoder-webm-vorbis: bf7c407c2cedff20999df2af8eb42d56 -> 
  custom:framework-win-MediaFoundation: 216162199b28c13a410421893ffa2e32 -> 
  custom:container-muxer-webm: aa71ff27fc2769a1b78a27578f13a17b -> 
========================================================================
Received Import Request.
  Time since last request: 19.574604 seconds.
  path: Assets/Resources/CharacterTextures/_0eNPrkWW_upscaled.jpg
  artifactKey: Guid(4b473330b75159d4cb72d8693bffc15c) Importer(815301076,1909f56bfc062723c751e8b465ee728b)
Start importing Assets/Resources/CharacterTextures/_0eNPrkWW_upscaled.jpg using Guid(4b473330b75159d4cb72d8693bffc15c) Importer(815301076,1909f56bfc062723c751e8b465ee728b)  -> (artifact id: '720c431fa2b09c7646f88acf505d4f9c') in 0.012685 seconds
Number of updated asset objects reloaded before import = 0
Number of asset objects unloaded after import = 2
========================================================================
Received Import Request.
  Time since last request: 0.000018 seconds.
  path: Assets/Resources/CharacterTextures/_axgE6nDn_upscaled.jpg
  artifactKey: Guid(6d17385332c007f47b3140a7f9910e20) Importer(815301076,1909f56bfc062723c751e8b465ee728b)
Start importing Assets/Resources/CharacterTextures/_axgE6nDn_upscaled.jpg using Guid(6d17385332c007f47b3140a7f9910e20) Importer(815301076,1909f56bfc062723c751e8b465ee728b)  -> (artifact id: '952b62b7245785c448901ec69a6d5bd0') in 0.012202 seconds
Number of updated asset objects reloaded before import = 0
Number of asset objects unloaded after import = 2
========================================================================
Received Import Request.
  Time since last request: 0.000017 seconds.
  path: Assets/Resources/CharacterTextures/_SwvOnCP2_upscaled.jpg
  artifactKey: Guid(6db692285974db04aa2dd635788fd9f8) Importer(815301076,1909f56bfc062723c751e8b465ee728b)
Start importing Assets/Resources/CharacterTextures/_SwvOnCP2_upscaled.jpg using Guid(6db692285974db04aa2dd635788fd9f8) Importer(815301076,1909f56bfc062723c751e8b465ee728b)  -> (artifact id: '167fbcfa993d522ea6b877f762e9fcf9') in 0.014444 seconds
Number of updated asset objects reloaded before import = 0
Number of asset objects unloaded after import = 2
========================================================================
Received Import Request.
  Time since last request: 0.000021 seconds.
  path: Assets/Resources/CharacterTextures/_Nv4dU4Wi_upscaled.jpg
  artifactKey: Guid(3e0babd31d92375459af09e6dfa6cc3e) Importer(815301076,1909f56bfc062723c751e8b465ee728b)
Start importing Assets/Resources/CharacterTextures/_Nv4dU4Wi_upscaled.jpg using Guid(3e0babd31d92375459af09e6dfa6cc3e) Importer(815301076,1909f56bfc062723c751e8b465ee728b)  -> (artifact id: '835c5820119e453a66e12a6d2eaef607') in 0.014909 seconds
Number of updated asset objects reloaded before import = 0
Number of asset objects unloaded after import = 2
========================================================================
Received Import Request.
  Time since last request: 0.000017 seconds.
  path: Assets/Resources/CharacterTextures/_HGP3v0xi_upscaled.jpg
  artifactKey: Guid(cab42f2744ac8994ab2240ebf8895255) Importer(815301076,1909f56bfc062723c751e8b465ee728b)
Start importing Assets/Resources/CharacterTextures/_HGP3v0xi_upscaled.jpg using Guid(cab42f2744ac8994ab2240ebf8895255) Importer(815301076,1909f56bfc062723c751e8b465ee728b)  -> (artifact id: 'dc9591c2b7accfa959310560a87d41f7') in 0.012501 seconds
Number of updated asset objects reloaded before import = 0
Number of asset objects unloaded after import = 2
========================================================================
Received Import Request.
  Time since last request: 0.000014 seconds.
  path: Assets/Resources/CharacterTextures/_jftfNYtq_upscaled.jpg
  artifactKey: Guid(a4d9b7f19b9bf094ca20a4c5315c0941) Importer(815301076,1909f56bfc062723c751e8b465ee728b)
Start importing Assets/Resources/CharacterTextures/_jftfNYtq_upscaled.jpg using Guid(a4d9b7f19b9bf094ca20a4c5315c0941) Importer(815301076,1909f56bfc062723c751e8b465ee728b)  -> (artifact id: 'e737c70830dd2a9974aae5bf0db70a61') in 0.011021 seconds
Number of updated asset objects reloaded before import = 0
Number of asset objects unloaded after import = 2
========================================================================
Received Import Request.
  Time since last request: 0.000017 seconds.
  path: Assets/Resources/CharacterTextures/_LclmOWDi_upscaled.jpg
  artifactKey: Guid(cdc1c99538113284094b3cdaf370f104) Importer(815301076,1909f56bfc062723c751e8b465ee728b)
Start importing Assets/Resources/CharacterTextures/_LclmOWDi_upscaled.jpg using Guid(cdc1c99538113284094b3cdaf370f104) Importer(815301076,1909f56bfc062723c751e8b465ee728b)  -> (artifact id: '54f4d28528b50f7a952763383dfe79c2') in 0.011289 seconds
Number of updated asset objects reloaded before import = 0
Number of asset objects unloaded after import = 2
========================================================================
Received Import Request.
  Time since last request: 0.000014 seconds.
  path: Assets/Resources/CharacterTextures/_BUm8StIR_upscaled.jpg
  artifactKey: Guid(553dd210fd83f86448afec4283b20c4a) Importer(815301076,1909f56bfc062723c751e8b465ee728b)
Start importing Assets/Resources/CharacterTextures/_BUm8StIR_upscaled.jpg using Guid(553dd210fd83f86448afec4283b20c4a) Importer(815301076,1909f56bfc062723c751e8b465ee728b)  -> (artifact id: '03f3b4abb1a08b435cea6e4ab71dae20') in 0.010181 seconds
Number of updated asset objects reloaded before import = 0
Number of asset objects unloaded after import = 2
========================================================================
Received Import Request.
  Time since last request: 0.000023 seconds.
  path: Assets/Resources/CharacterTextures/_iET1DYIx_upscaled.jpg
  artifactKey: Guid(9128ec2322bdcf6459dd33addf359e2d) Importer(815301076,1909f56bfc062723c751e8b465ee728b)
Start importing Assets/Resources/CharacterTextures/_iET1DYIx_upscaled.jpg using Guid(9128ec2322bdcf6459dd33addf359e2d) Importer(815301076,1909f56bfc062723c751e8b465ee728b)  -> (artifact id: 'f0f6d709ba58fe64e136f97010aa6899') in 0.009465 seconds
Number of updated asset objects reloaded before import = 0
Number of asset objects unloaded after import = 2
========================================================================
Received Import Request.
  Time since last request: 0.000014 seconds.
  path: Assets/Resources/CharacterTextures/_KTaKlCYJ_upscaled.jpg
  artifactKey: Guid(5dddfdafae749c74ab210b0f8a0af65f) Importer(815301076,1909f56bfc062723c751e8b465ee728b)
Start importing Assets/Resources/CharacterTextures/_KTaKlCYJ_upscaled.jpg using Guid(5dddfdafae749c74ab210b0f8a0af65f) Importer(815301076,1909f56bfc062723c751e8b465ee728b)  -> (artifact id: 'e503d13b75704e03ad2bdb225abf27df') in 0.011338 seconds
Number of updated asset objects reloaded before import = 0
Number of asset objects unloaded after import = 2
========================================================================
Received Import Request.
  Time since last request: 7.744570 seconds.
  path: Assets/Resources/CharacterTextures/_zzQU-L98_upscaled.jpg
  artifactKey: Guid(5d289c22df63e2645926ca5bf12dc437) Importer(815301076,1909f56bfc062723c751e8b465ee728b)
Start importing Assets/Resources/CharacterTextures/_zzQU-L98_upscaled.jpg using Guid(5d289c22df63e2645926ca5bf12dc437) Importer(815301076,1909f56bfc062723c751e8b465ee728b)  -> (artifact id: '87e321aee187d8b964ce1d4f6f9fa8e4') in 0.009540 seconds
Number of updated asset objects reloaded before import = 0
Number of asset objects unloaded after import = 2
Editor requested this worker to shutdown with reason: Scaling down because of idle timeout
TcpMessagingSession - receive error: operation aborted. errorcode: 995, details: The I/O operation has been aborted because of either a thread exit or an application request.
AssetImportWorker is now disconnected from the server
Process exiting
Exiting without the bug reporter. Application will terminate with return code 0