Using pre-set license
Built from '2022.3/staging' branch; Version is '2022.3.4f1 (35713cd46cd7) revision 3502396'; Using compiler version '192829333'; Build Type 'Release'
OS: 'Windows 11  (10.0.22621) 64bit Professional' Language: 'en' Physical Memory: 32627 MB
BatchMode: 1, IsHumanControllingUs: 0, StartBugReporterOnCrash: 0, Is64bit: 1, IsPro: 1

COMMAND LINE ARGUMENTS:
H:\Editors\2022.3.4f1\Editor\Unity.exe
-adb2
-batchMode
-noUpm
-name
AssetImportWorker4
-projectPath
H:/Projects/CardGame/UiCard-master/UiCard-master
-logFile
Logs/AssetImportWorker4.log
-srvPort
63416
Successfully changed project path to: H:/Projects/CardGame/UiCard-master/UiCard-master
H:/Projects/CardGame/UiCard-master/UiCard-master
[UnityMemory] Configuration Parameters - Can be set up in boot.config
    "memorysetup-bucket-allocator-granularity=16"
    "memorysetup-bucket-allocator-bucket-count=8"
    "memorysetup-bucket-allocator-block-size=33554432"
    "memorysetup-bucket-allocator-block-count=8"
    "memorysetup-main-allocator-block-size=16777216"
    "memorysetup-thread-allocator-block-size=16777216"
    "memorysetup-gfx-main-allocator-block-size=16777216"
    "memorysetup-gfx-thread-allocator-block-size=16777216"
    "memorysetup-cache-allocator-block-size=4194304"
    "memorysetup-typetree-allocator-block-size=2097152"
    "memorysetup-profiler-bucket-allocator-granularity=16"
    "memorysetup-profiler-bucket-allocator-bucket-count=8"
    "memorysetup-profiler-bucket-allocator-block-size=33554432"
    "memorysetup-profiler-bucket-allocator-block-count=8"
    "memorysetup-profiler-allocator-block-size=16777216"
    "memorysetup-profiler-editor-allocator-block-size=1048576"
    "memorysetup-temp-allocator-size-main=16777216"
    "memorysetup-job-temp-allocator-block-size=2097152"
    "memorysetup-job-temp-allocator-block-size-background=1048576"
    "memorysetup-job-temp-allocator-reduction-small-platforms=262144"
    "memorysetup-allocator-temp-initial-block-size-main=262144"
    "memorysetup-allocator-temp-initial-block-size-worker=262144"
    "memorysetup-temp-allocator-size-background-worker=32768"
    "memorysetup-temp-allocator-size-job-worker=262144"
    "memorysetup-temp-allocator-size-preload-manager=33554432"
    "memorysetup-temp-allocator-size-nav-mesh-worker=65536"
    "memorysetup-temp-allocator-size-audio-worker=65536"
    "memorysetup-temp-allocator-size-cloud-worker=32768"
    "memorysetup-temp-allocator-size-gi-baking-worker=262144"
    "memorysetup-temp-allocator-size-gfx=262144"
Player connection [29484] Host "[IP] 192.168.208.1 [Port] 0 [Flags] 2 [Guid] 995420621 [EditorId] 995420621 [Version] 1048832 [Id] WindowsEditor(7,Yee) [Debug] 1 [PackageName] WindowsEditor [ProjectName] Editor" joined multi-casting on [225.0.0.222:54997]...

Player connection [29484] Host "[IP] 192.168.208.1 [Port] 0 [Flags] 2 [Guid] 995420621 [EditorId] 995420621 [Version] 1048832 [Id] WindowsEditor(7,Yee) [Debug] 1 [PackageName] WindowsEditor [ProjectName] Editor" joined alternative multi-casting on [225.0.0.222:34997]...

Refreshing native plugins compatible for Editor in 1.80 ms, found 0 plugins.
Preloading 0 native plugins for Editor in 0.00 ms.
Initialize engine version: 2022.3.4f1 (35713cd46cd7)
[Subsystems] Discovering subsystems at path H:/Editors/2022.3.4f1/Editor/Data/Resources/UnitySubsystems
[Subsystems] Discovering subsystems at path H:/Projects/CardGame/UiCard-master/UiCard-master/Assets
GfxDevice: creating device client; threaded=0; jobified=0
Direct3D:
    Version:  Direct3D 11.0 [level 11.1]
    Renderer: NVIDIA GeForce RTX 3080 Ti (ID=0x2208)
    Vendor:   NVIDIA
    VRAM:     12100 MB
    Driver:   31.0.15.3713
Initialize mono
Mono path[0] = 'H:/Editors/2022.3.4f1/Editor/Data/Managed'
Mono path[1] = 'H:/Editors/2022.3.4f1/Editor/Data/MonoBleedingEdge/lib/mono/unityjit-win32'
Mono config path = 'H:/Editors/2022.3.4f1/Editor/Data/MonoBleedingEdge/etc'
Using monoOptions --debugger-agent=transport=dt_socket,embedding=1,server=y,suspend=n,address=127.0.0.1:56480
Begin MonoManager ReloadAssembly
Registering precompiled unity dll's ...
Register platform support module: H:/Editors/2022.3.4f1/Editor/Data/PlaybackEngines/WindowsStandaloneSupport/UnityEditor.WindowsStandalone.Extensions.dll
Registered in 0.001751 seconds.
- Loaded All Assemblies, in  0.192 seconds
Native extension for WindowsStandalone target not found
Mono: successfully reloaded assembly
- Finished resetting the current domain, in  0.163 seconds
Domain Reload Profiling: 355ms
	BeginReloadAssembly (51ms)
		ExecutionOrderSort (0ms)
		DisableScriptedObjects (0ms)
		BackupInstance (0ms)
		ReleaseScriptingObjects (0ms)
		CreateAndSetChildDomain (1ms)
	RebuildCommonClasses (21ms)
	RebuildNativeTypeToScriptingClass (6ms)
	initialDomainReloadingComplete (30ms)
	LoadAllAssembliesAndSetupDomain (84ms)
		LoadAssemblies (50ms)
		RebuildTransferFunctionScriptingTraits (0ms)
		AnalyzeDomain (82ms)
			TypeCache.Refresh (82ms)
				TypeCache.ScanAssembly (74ms)
			ScanForSourceGeneratedMonoScriptInfo (0ms)
			ResolveRequiredComponents (0ms)
	FinalizeReload (163ms)
		ReleaseScriptCaches (0ms)
		RebuildScriptCaches (0ms)
		SetupLoadedEditorAssemblies (126ms)
			LogAssemblyErrors (0ms)
			InitializePlatformSupportModulesInManaged (5ms)
			SetLoadedEditorAssemblies (5ms)
			RefreshPlugins (0ms)
			BeforeProcessingInitializeOnLoad (2ms)
			ProcessInitializeOnLoadAttributes (84ms)
			ProcessInitializeOnLoadMethodAttributes (30ms)
			AfterProcessingInitializeOnLoad (0ms)
			EditorAssembliesLoaded (0ms)
		ExecutionOrderSort2 (0ms)
		AwakeInstancesAfterBackupRestoration (0ms)
========================================================================
Worker process is ready to serve import requests
Begin MonoManager ReloadAssembly
Symbol file LoadedFromMemory is not a mono symbol file
- Loaded All Assemblies, in  0.338 seconds
Refreshing native plugins compatible for Editor in 0.74 ms, found 0 plugins.
Native extension for WindowsStandalone target not found
Mono: successfully reloaded assembly
- Finished resetting the current domain, in  0.244 seconds
Domain Reload Profiling: 583ms
	BeginReloadAssembly (81ms)
		ExecutionOrderSort (0ms)
		DisableScriptedObjects (3ms)
		BackupInstance (0ms)
		ReleaseScriptingObjects (0ms)
		CreateAndSetChildDomain (16ms)
	RebuildCommonClasses (20ms)
	RebuildNativeTypeToScriptingClass (7ms)
	initialDomainReloadingComplete (22ms)
	LoadAllAssembliesAndSetupDomain (208ms)
		LoadAssemblies (140ms)
		RebuildTransferFunctionScriptingTraits (0ms)
		AnalyzeDomain (107ms)
			TypeCache.Refresh (99ms)
				TypeCache.ScanAssembly (92ms)
			ScanForSourceGeneratedMonoScriptInfo (7ms)
			ResolveRequiredComponents (2ms)
	FinalizeReload (245ms)
		ReleaseScriptCaches (0ms)
		RebuildScriptCaches (0ms)
		SetupLoadedEditorAssemblies (157ms)
			LogAssemblyErrors (0ms)
			InitializePlatformSupportModulesInManaged (3ms)
			SetLoadedEditorAssemblies (3ms)
			RefreshPlugins (0ms)
			BeforeProcessingInitializeOnLoad (36ms)
			ProcessInitializeOnLoadAttributes (88ms)
			ProcessInitializeOnLoadMethodAttributes (26ms)
			AfterProcessingInitializeOnLoad (1ms)
			EditorAssembliesLoaded (0ms)
		ExecutionOrderSort2 (0ms)
		AwakeInstancesAfterBackupRestoration (5ms)
Launched and connected shader compiler UnityShaderCompiler.exe after 0.03 seconds
Refreshing native plugins compatible for Editor in 0.96 ms, found 0 plugins.
Preloading 0 native plugins for Editor in 0.00 ms.
Unloading 1460 Unused Serialized files (Serialized files now loaded: 0)
Unloading 28 unused Assets / (53.2 KB). Loaded Objects now: 1936.
Memory consumption went from 82.6 MB to 82.6 MB.
Total: 2.314700 ms (FindLiveObjects: 0.114600 ms CreateObjectMapping: 0.055200 ms MarkObjects: 2.054400 ms  DeleteObjects: 0.089200 ms)

AssetImportParameters requested are different than current active one (requested -> active):
  custom:video-encoder-webm-vp8: eb34c28f22e8b96e1ab97ce403110664 -> 
  custom:video-decoder-webm-vp8: 9c59270c3fd7afecdb556c50c9e8de78 -> 
  custom:audio-decoder-ogg-vorbis: bf7c407c2cedff20999df2af8eb42d56 -> 
  custom:container-demuxer-ogg: 62fdf1f143b41e24485cea50d1cbac27 -> 
  custom:AudioImporter_EditorPlatform: d09bf68614088b80899f8185d706f6e7 -> 
  custom:CustomObjectIndexerAttribute: 756ad292c208cfabdd7b50bc23989ffe -> 
  custom:container-demuxer-webm: 4f35f7cbe854078d1ac9338744f61a02 -> 
  custom:video-decoder-ogg-theora: a1e56fd34408186e4bbccfd4996cb3dc -> 
  custom:audio-encoder-webm-vorbis: bf7c407c2cedff20999df2af8eb42d56 -> 
  custom:framework-win-MediaFoundation: 216162199b28c13a410421893ffa2e32 -> 
  custom:container-muxer-webm: aa71ff27fc2769a1b78a27578f13a17b -> 
========================================================================
Received Import Request.
  Time since last request: 36127.492851 seconds.
  path: Assets/Resources/CharacterTextures/_ZkVlKHu9_upscaled.jpg
  artifactKey: Guid(28a0b7a9e50a6684dacf5dad9d4ef050) Importer(815301076,1909f56bfc062723c751e8b465ee728b)
Start importing Assets/Resources/CharacterTextures/_ZkVlKHu9_upscaled.jpg using Guid(28a0b7a9e50a6684dacf5dad9d4ef050) Importer(815301076,1909f56bfc062723c751e8b465ee728b)  -> (artifact id: '4d698fd45b6994c4653d058069298fb8') in 0.038846 seconds
Number of updated asset objects reloaded before import = 0
Number of asset objects unloaded after import = 2
========================================================================
Received Import Request.
  Time since last request: 93.517420 seconds.
  path: Assets/Scripts/Info
  artifactKey: Guid(3680417a5a7b64343a91f52ee8d861f0) Importer(815301076,1909f56bfc062723c751e8b465ee728b)
Start importing Assets/Scripts/Info using Guid(3680417a5a7b64343a91f52ee8d861f0) Importer(815301076,1909f56bfc062723c751e8b465ee728b)  -> (artifact id: '9666ef43604211cfb9affe3706f7d5f5') in 0.000463 seconds
Number of updated asset objects reloaded before import = 0
Number of asset objects unloaded after import = 0
========================================================================
Received Import Request.
  Time since last request: 43.953237 seconds.
  path: Assets/Scripts/Info/Info.txt
  artifactKey: Guid(00b1ecce9710d3944a929d1a027b047f) Importer(815301076,1909f56bfc062723c751e8b465ee728b)
Start importing Assets/Scripts/Info/Info.txt using Guid(00b1ecce9710d3944a929d1a027b047f) Importer(815301076,1909f56bfc062723c751e8b465ee728b)  -> (artifact id: '03e1bdb5a8c6ca4af257c19c30837099') in 0.000754 seconds
Number of updated asset objects reloaded before import = 0
Number of asset objects unloaded after import = 1
========================================================================
Received Import Request.
  Time since last request: 27.973404 seconds.
  path: Assets/Scripts/Info/Info.txt
  artifactKey: Guid(00b1ecce9710d3944a929d1a027b047f) Importer(815301076,1909f56bfc062723c751e8b465ee728b)
Start importing Assets/Scripts/Info/Info.txt using Guid(00b1ecce9710d3944a929d1a027b047f) Importer(815301076,1909f56bfc062723c751e8b465ee728b)  -> (artifact id: 'f7186be0060e7355af74c6ef3987ccc2') in 0.000678 seconds
Number of updated asset objects reloaded before import = 0
Number of asset objects unloaded after import = 1
========================================================================
Received Prepare
Begin MonoManager ReloadAssembly
Symbol file LoadedFromMemory is not a mono symbol file
- Loaded All Assemblies, in  0.318 seconds
Refreshing native plugins compatible for Editor in 0.81 ms, found 0 plugins.
Native extension for WindowsStandalone target not found
Mono: successfully reloaded assembly
- Finished resetting the current domain, in  0.285 seconds
Domain Reload Profiling: 604ms
	BeginReloadAssembly (89ms)
		ExecutionOrderSort (0ms)
		DisableScriptedObjects (4ms)
		BackupInstance (0ms)
		ReleaseScriptingObjects (0ms)
		CreateAndSetChildDomain (23ms)
	RebuildCommonClasses (20ms)
	RebuildNativeTypeToScriptingClass (7ms)
	initialDomainReloadingComplete (15ms)
	LoadAllAssembliesAndSetupDomain (186ms)
		LoadAssemblies (117ms)
		RebuildTransferFunctionScriptingTraits (0ms)
		AnalyzeDomain (105ms)
			TypeCache.Refresh (103ms)
				TypeCache.ScanAssembly (95ms)
			ScanForSourceGeneratedMonoScriptInfo (0ms)
			ResolveRequiredComponents (2ms)
	FinalizeReload (286ms)
		ReleaseScriptCaches (0ms)
		RebuildScriptCaches (0ms)
		SetupLoadedEditorAssemblies (160ms)
			LogAssemblyErrors (0ms)
			InitializePlatformSupportModulesInManaged (3ms)
			SetLoadedEditorAssemblies (3ms)
			RefreshPlugins (0ms)
			BeforeProcessingInitializeOnLoad (36ms)
			ProcessInitializeOnLoadAttributes (93ms)
			ProcessInitializeOnLoadMethodAttributes (24ms)
			AfterProcessingInitializeOnLoad (2ms)
			EditorAssembliesLoaded (0ms)
		ExecutionOrderSort2 (0ms)
		AwakeInstancesAfterBackupRestoration (6ms)
Refreshing native plugins compatible for Editor in 0.79 ms, found 0 plugins.
Preloading 0 native plugins for Editor in 0.00 ms.
Unloading 1442 Unused Serialized files (Serialized files now loaded: 0)
Unloading 17 unused Assets / (27.6 KB). Loaded Objects now: 1942.
Memory consumption went from 79.1 MB to 79.1 MB.
Total: 1.770600 ms (FindLiveObjects: 0.090100 ms CreateObjectMapping: 0.025900 ms MarkObjects: 1.628900 ms  DeleteObjects: 0.025000 ms)

Prepare: number of updated asset objects reloaded= 0
AssetImportParameters requested are different than current active one (requested -> active):
  custom:video-encoder-webm-vp8: eb34c28f22e8b96e1ab97ce403110664 -> 
  custom:video-decoder-webm-vp8: 9c59270c3fd7afecdb556c50c9e8de78 -> 
  custom:audio-decoder-ogg-vorbis: bf7c407c2cedff20999df2af8eb42d56 -> 
  custom:container-demuxer-ogg: 62fdf1f143b41e24485cea50d1cbac27 -> 
  custom:AudioImporter_EditorPlatform: d09bf68614088b80899f8185d706f6e7 -> 
  custom:CustomObjectIndexerAttribute: 756ad292c208cfabdd7b50bc23989ffe -> 
  custom:container-demuxer-webm: 4f35f7cbe854078d1ac9338744f61a02 -> 
  custom:video-decoder-ogg-theora: a1e56fd34408186e4bbccfd4996cb3dc -> 
  custom:audio-encoder-webm-vorbis: bf7c407c2cedff20999df2af8eb42d56 -> 
  custom:framework-win-MediaFoundation: 216162199b28c13a410421893ffa2e32 -> 
  custom:container-muxer-webm: aa71ff27fc2769a1b78a27578f13a17b -> 
========================================================================
Received Import Request.
  Time since last request: 459.812385 seconds.
  path: Assets/Scripts/Info/Girl1.jpg
  artifactKey: Guid(ca56c64cf5220fb40a9a5b0d166e0cfa) Importer(815301076,1909f56bfc062723c751e8b465ee728b)
Start importing Assets/Scripts/Info/Girl1.jpg using Guid(ca56c64cf5220fb40a9a5b0d166e0cfa) Importer(815301076,1909f56bfc062723c751e8b465ee728b)  -> (artifact id: 'de8ef77f30ad2a5b3d3373807c977a77') in 0.038855 seconds
Number of updated asset objects reloaded before import = 0
Number of asset objects unloaded after import = 2
========================================================================
Received Import Request.
  Time since last request: 0.000018 seconds.
  path: Assets/Scripts/Info/Girl4.jpg
  artifactKey: Guid(a4b29a0196f48224b9567217334c760c) Importer(815301076,1909f56bfc062723c751e8b465ee728b)
Start importing Assets/Scripts/Info/Girl4.jpg using Guid(a4b29a0196f48224b9567217334c760c) Importer(815301076,1909f56bfc062723c751e8b465ee728b)  -> (artifact id: 'baf854b3b7145ce83f5490a4e534c925') in 0.011310 seconds
Number of updated asset objects reloaded before import = 0
Number of asset objects unloaded after import = 2
========================================================================
Received Import Request.
  Time since last request: 0.000020 seconds.
  path: Assets/Scripts/Info/Girl6.jpg
  artifactKey: Guid(e004512d5488eaa4eb0f74749cf186ea) Importer(815301076,1909f56bfc062723c751e8b465ee728b)
Start importing Assets/Scripts/Info/Girl6.jpg using Guid(e004512d5488eaa4eb0f74749cf186ea) Importer(815301076,1909f56bfc062723c751e8b465ee728b)  -> (artifact id: '15d8079307a7b4583acb033d809c45e5') in 0.008881 seconds
Number of updated asset objects reloaded before import = 0
Number of asset objects unloaded after import = 2
========================================================================
Received Import Request.
  Time since last request: 13.128628 seconds.
  path: Assets/Resources/CharacterTextures/Girl1.jpg
  artifactKey: Guid(da54ea3ca60e9a445b481cbeb001e7d4) Importer(815301076,1909f56bfc062723c751e8b465ee728b)
Start importing Assets/Resources/CharacterTextures/Girl1.jpg using Guid(da54ea3ca60e9a445b481cbeb001e7d4) Importer(815301076,1909f56bfc062723c751e8b465ee728b)  -> (artifact id: '016ebdd207eebc0102fa4cd3f9ff41ab') in 0.009911 seconds
Number of updated asset objects reloaded before import = 0
Number of asset objects unloaded after import = 2
========================================================================
Received Import Request.
  Time since last request: 0.000059 seconds.
  path: Assets/Resources/CharacterTextures/Girl6.jpg
  artifactKey: Guid(a903dfa52a212084cbc45e2a7a67cea2) Importer(815301076,1909f56bfc062723c751e8b465ee728b)
Start importing Assets/Resources/CharacterTextures/Girl6.jpg using Guid(a903dfa52a212084cbc45e2a7a67cea2) Importer(815301076,1909f56bfc062723c751e8b465ee728b)  -> (artifact id: 'ea672dcbdb39452c9483e259a833c69b') in 0.009313 seconds
Number of updated asset objects reloaded before import = 0
Number of asset objects unloaded after import = 2
========================================================================
Received Import Request.
  Time since last request: 8.614804 seconds.
  path: Assets/Resources/CharacterTextures/Girl1.jpg
  artifactKey: Guid(da54ea3ca60e9a445b481cbeb001e7d4) Importer(815301076,1909f56bfc062723c751e8b465ee728b)
Start importing Assets/Resources/CharacterTextures/Girl1.jpg using Guid(da54ea3ca60e9a445b481cbeb001e7d4) Importer(815301076,1909f56bfc062723c751e8b465ee728b)  -> (artifact id: '07cef313b0db244ada5e00e9ace93f50') in 0.009516 seconds
Number of updated asset objects reloaded before import = 0
Number of asset objects unloaded after import = 2
========================================================================
Received Import Request.
  Time since last request: 0.000015 seconds.
  path: Assets/Resources/CharacterTextures/Girl6.jpg
  artifactKey: Guid(a903dfa52a212084cbc45e2a7a67cea2) Importer(815301076,1909f56bfc062723c751e8b465ee728b)
Start importing Assets/Resources/CharacterTextures/Girl6.jpg using Guid(a903dfa52a212084cbc45e2a7a67cea2) Importer(815301076,1909f56bfc062723c751e8b465ee728b)  -> (artifact id: 'b8779f115c21533d3d46faf940dadf36') in 0.010216 seconds
Number of updated asset objects reloaded before import = 0
Number of asset objects unloaded after import = 2
========================================================================
Received Import Request.
  Time since last request: 31.202644 seconds.
  path: Assets/Resources/CharacterTextures/Girl1 1.jpg
  artifactKey: Guid(dbd1f6addfe0ae54c997fc4b51bd465f) Importer(815301076,1909f56bfc062723c751e8b465ee728b)
Start importing Assets/Resources/CharacterTextures/Girl1 1.jpg using Guid(dbd1f6addfe0ae54c997fc4b51bd465f) Importer(815301076,1909f56bfc062723c751e8b465ee728b)  -> (artifact id: '8daedfe3476539195d106bf2e4a5ebe7') in 0.008880 seconds
Number of updated asset objects reloaded before import = 0
Number of asset objects unloaded after import = 2
========================================================================
Received Import Request.
  Time since last request: 0.000029 seconds.
  path: Assets/Resources/CharacterTextures/Maid 1.jpg
  artifactKey: Guid(539576a8e1663d640a63bd8711cc38a8) Importer(815301076,1909f56bfc062723c751e8b465ee728b)
Start importing Assets/Resources/CharacterTextures/Maid 1.jpg using Guid(539576a8e1663d640a63bd8711cc38a8) Importer(815301076,1909f56bfc062723c751e8b465ee728b)  -> (artifact id: '711f9b4ed616f536a99a1116b49eaa77') in 0.043786 seconds
Number of updated asset objects reloaded before import = 0
Number of asset objects unloaded after import = 3
========================================================================
Received Import Request.
  Time since last request: 24.110650 seconds.
  path: Assets/Resources/CharacterTextures/Girl1.jpg
  artifactKey: Guid(da54ea3ca60e9a445b481cbeb001e7d4) Importer(815301076,1909f56bfc062723c751e8b465ee728b)
Start importing Assets/Resources/CharacterTextures/Girl1.jpg using Guid(da54ea3ca60e9a445b481cbeb001e7d4) Importer(815301076,1909f56bfc062723c751e8b465ee728b)  -> (artifact id: '37ba42ad8aefe1b5ec13b7b63ff1bc3c') in 0.014085 seconds
Number of updated asset objects reloaded before import = 0
Number of asset objects unloaded after import = 3
========================================================================
Received Import Request.
  Time since last request: 8.785798 seconds.
  path: Assets/Resources/CharacterTextures/Girl2.jpg
  artifactKey: Guid(801d82e90a7392040aa895969bafdbe7) Importer(815301076,1909f56bfc062723c751e8b465ee728b)
Start importing Assets/Resources/CharacterTextures/Girl2.jpg using Guid(801d82e90a7392040aa895969bafdbe7) Importer(815301076,1909f56bfc062723c751e8b465ee728b)  -> (artifact id: '78dca363147eb6a5fb785cf12dfb4c67') in 0.014726 seconds
Number of updated asset objects reloaded before import = 0
Number of asset objects unloaded after import = 3
========================================================================
Received Import Request.
  Time since last request: 0.000014 seconds.
  path: Assets/Resources/CharacterTextures/Girl6.jpg
  artifactKey: Guid(a903dfa52a212084cbc45e2a7a67cea2) Importer(815301076,1909f56bfc062723c751e8b465ee728b)
Start importing Assets/Resources/CharacterTextures/Girl6.jpg using Guid(a903dfa52a212084cbc45e2a7a67cea2) Importer(815301076,1909f56bfc062723c751e8b465ee728b)  -> (artifact id: '85abe515bcf49b30ae1a56cf3446e199') in 0.013805 seconds
Number of updated asset objects reloaded before import = 0
Number of asset objects unloaded after import = 3
========================================================================
Received Prepare
Begin MonoManager ReloadAssembly
Symbol file LoadedFromMemory is not a mono symbol file
- Loaded All Assemblies, in  0.333 seconds
Refreshing native plugins compatible for Editor in 0.81 ms, found 0 plugins.
Native extension for WindowsStandalone target not found
Mono: successfully reloaded assembly
- Finished resetting the current domain, in  0.301 seconds
Domain Reload Profiling: 635ms
	BeginReloadAssembly (92ms)
		ExecutionOrderSort (0ms)
		DisableScriptedObjects (4ms)
		BackupInstance (0ms)
		ReleaseScriptingObjects (0ms)
		CreateAndSetChildDomain (24ms)
	RebuildCommonClasses (21ms)
	RebuildNativeTypeToScriptingClass (7ms)
	initialDomainReloadingComplete (15ms)
	LoadAllAssembliesAndSetupDomain (197ms)
		LoadAssemblies (128ms)
		RebuildTransferFunctionScriptingTraits (0ms)
		AnalyzeDomain (108ms)
			TypeCache.Refresh (106ms)
				TypeCache.ScanAssembly (98ms)
			ScanForSourceGeneratedMonoScriptInfo (0ms)
			ResolveRequiredComponents (2ms)
	FinalizeReload (302ms)
		ReleaseScriptCaches (0ms)
		RebuildScriptCaches (0ms)
		SetupLoadedEditorAssemblies (168ms)
			LogAssemblyErrors (0ms)
			InitializePlatformSupportModulesInManaged (3ms)
			SetLoadedEditorAssemblies (3ms)
			RefreshPlugins (0ms)
			BeforeProcessingInitializeOnLoad (41ms)
			ProcessInitializeOnLoadAttributes (93ms)
			ProcessInitializeOnLoadMethodAttributes (26ms)
			AfterProcessingInitializeOnLoad (1ms)
			EditorAssembliesLoaded (0ms)
		ExecutionOrderSort2 (0ms)
		AwakeInstancesAfterBackupRestoration (6ms)
Refreshing native plugins compatible for Editor in 0.84 ms, found 0 plugins.
Preloading 0 native plugins for Editor in 0.00 ms.
Unloading 1442 Unused Serialized files (Serialized files now loaded: 0)
Unloading 17 unused Assets / (27.5 KB). Loaded Objects now: 1950.
Memory consumption went from 83.1 MB to 83.1 MB.
Total: 1.765200 ms (FindLiveObjects: 0.085100 ms CreateObjectMapping: 0.022600 ms MarkObjects: 1.632000 ms  DeleteObjects: 0.024500 ms)

Prepare: number of updated asset objects reloaded= 0
AssetImportParameters requested are different than current active one (requested -> active):
  custom:video-encoder-webm-vp8: eb34c28f22e8b96e1ab97ce403110664 -> 
  custom:video-decoder-webm-vp8: 9c59270c3fd7afecdb556c50c9e8de78 -> 
  custom:audio-decoder-ogg-vorbis: bf7c407c2cedff20999df2af8eb42d56 -> 
  custom:container-demuxer-ogg: 62fdf1f143b41e24485cea50d1cbac27 -> 
  custom:AudioImporter_EditorPlatform: d09bf68614088b80899f8185d706f6e7 -> 
  custom:CustomObjectIndexerAttribute: 756ad292c208cfabdd7b50bc23989ffe -> 
  custom:container-demuxer-webm: 4f35f7cbe854078d1ac9338744f61a02 -> 
  custom:video-decoder-ogg-theora: a1e56fd34408186e4bbccfd4996cb3dc -> 
  custom:audio-encoder-webm-vorbis: bf7c407c2cedff20999df2af8eb42d56 -> 
  custom:framework-win-MediaFoundation: 216162199b28c13a410421893ffa2e32 -> 
  custom:container-muxer-webm: aa71ff27fc2769a1b78a27578f13a17b -> 
Editor requested this worker to shutdown with reason: Scaling down because of idle timeout
TcpMessagingSession - receive error: operation aborted. errorcode: 995, details: The I/O operation has been aborted because of either a thread exit or an application request.
AssetImportWorker is now disconnected from the server
Process exiting
Exiting without the bug reporter. Application will terminate with return code 0